<?xml version="1.0" encoding="UTF-8"?>
<testng-results skipped="0" failed="0" total="1" passed="1">
  <reporter-output>
  </reporter-output>
  <suite name="Command line suite" duration-ms="13419" started-at="2020-12-01T13:10:24Z" finished-at="2020-12-01T13:10:38Z">
    <groups>
    </groups>
    <test name="Command line test" duration-ms="13419" started-at="2020-12-01T13:10:24Z" finished-at="2020-12-01T13:10:38Z">
      <class name="com.testngdemo.automation.functional.Testsuite_1st_research_google">
        <test-method status="PASS" signature="setup()[pri:0, instance:com.testngdemo.automation.functional.Testsuite_1st_research_google@5c5eefef]" name="setup" is-config="true" duration-ms="13324" started-at="2020-12-01T14:10:24Z" finished-at="2020-12-01T14:10:38Z">
          <reporter-output>
          </reporter-output>
        </test-method> <!-- setup -->
        <test-method status="PASS" signature="Research_a_word_on_google()[pri:0, instance:com.testngdemo.automation.functional.Testsuite_1st_research_google@5c5eefef]" name="Research_a_word_on_google" duration-ms="85" started-at="2020-12-01T14:10:38Z" finished-at="2020-12-01T14:10:38Z">
          <reporter-output>
          </reporter-output>
        </test-method> <!-- Research_a_word_on_google -->
      </class> <!-- com.testngdemo.automation.functional.Testsuite_1st_research_google -->
    </test> <!-- Command line test -->
  </suite> <!-- Command line suite -->
</testng-results>
